<?xml version="1.0" encoding="UTF-8"?>
<!-- Generated by org.testng.reporters.JUnitReportReporter -->
<testsuite skipped="0" hostname="LAPTOP-C5CTO61G" name="selenium.Wait" tests="1" failures="0" timestamp="2023-02-06T23:05:54 IST" time="20.269" errors="0">
  <testcase name="Impliclitly_Wait" time="20.269" classname="selenium.Wait"/>
  <system-out/>
</testsuite> <!-- selenium.Wait -->
