<?xml version="1.0" encoding="UTF-8"?>
<!-- Generated by org.testng.reporters.JUnitReportReporter -->
<testsuite skipped="0" hostname="LAPTOP-C5CTO61G" name="selenium.FileUpload_Download_Popup" tests="1" failures="0" timestamp="2023-02-07T17:36:50 IST" time="32.054" errors="0">
  <testcase name="File_Download" time="32.054" classname="selenium.FileUpload_Download_Popup"/>
  <system-out/>
</testsuite> <!-- selenium.FileUpload_Download_Popup -->
