<?xml version="1.0" encoding="UTF-8"?>
<!-- Generated by org.testng.reporters.JUnitReportReporter -->
<testsuite skipped="0" hostname="LAPTOP-C5CTO61G" name="selenium.JavaScriptExecutor" tests="1" failures="0" timestamp="2023-02-02T22:41:45 IST" time="34.928" errors="0">
  <testcase name="ScrollUp_And_MoveToElement" time="34.928" classname="selenium.JavaScriptExecutor"/>
  <system-out/>
</testsuite> <!-- selenium.JavaScriptExecutor -->
