<?xml version="1.0" encoding="UTF-8"?>
<!-- Generated by org.testng.reporters.JUnitReportReporter -->
<testsuite skipped="0" hostname="LAPTOP-C5CTO61G" name="selenium.Robot_Class" tests="1" failures="0" timestamp="2023-01-31T13:20:33 IST" time="14.965" errors="0">
  <testcase name="robot_keyboard" time="14.965" classname="selenium.Robot_Class"/>
  <system-out/>
</testsuite> <!-- selenium.Robot_Class -->
