<?xml version="1.0" encoding="UTF-8"?>
<!-- Generated by org.testng.reporters.JUnitReportReporter -->
<testsuite skipped="0" hostname="LAPTOP-C5CTO61G" name="selenium.HiddenDivisionPopup" tests="1" failures="0" timestamp="2023-02-07T17:26:29 IST" time="23.979" errors="0">
  <testcase name="hiddenDivPopup" time="23.979" classname="selenium.HiddenDivisionPopup"/>
  <system-out/>
</testsuite> <!-- selenium.HiddenDivisionPopup -->
