<?xml version="1.0" encoding="UTF-8"?>
<!-- Generated by org.testng.reporters.JUnitReportReporter -->
<testsuite skipped="0" hostname="LAPTOP-C5CTO61G" name="selenium.FacebookLogin" tests="1" failures="0" timestamp="2023-01-31T15:32:17 IST" time="16.602" errors="0">
  <testcase name="login_Page" time="16.602" classname="selenium.FacebookLogin"/>
  <system-out/>
</testsuite> <!-- selenium.FacebookLogin -->
