<?xml version="1.0" encoding="UTF-8"?>
<!-- Generated by org.testng.reporters.JUnitReportReporter -->
<testsuite skipped="0" hostname="LAPTOP-C5CTO61G" name="selenium.JavaScriptPopup" tests="1" failures="0" timestamp="2023-02-06T11:02:21 IST" time="20.531" errors="0">
  <testcase name="Prompt_Alert" time="20.531" classname="selenium.JavaScriptPopup"/>
  <system-out/>
</testsuite> <!-- selenium.JavaScriptPopup -->
