<?xml version="1.0" encoding="UTF-8"?>
<!-- Generated by org.testng.reporters.JUnitReportReporter -->
<testsuite skipped="0" hostname="LAPTOP-C5CTO61G" name="selenium.JavaScript_Popup" tests="1" failures="0" timestamp="2023-02-06T12:58:51 IST" time="28.465" errors="0">
  <testcase name="Prompt_Alert" time="28.465" classname="selenium.JavaScript_Popup"/>
  <system-out/>
</testsuite> <!-- selenium.JavaScript_Popup -->
