<?xml version="1.0" encoding="UTF-8"?>
<!-- Generated by org.testng.reporters.JUnitReportReporter -->
<testsuite skipped="0" hostname="LAPTOP-C5CTO61G" name="selenium.Child_Browser_Popup" tests="1" failures="0" timestamp="2023-02-07T17:05:57 IST" time="18.750" errors="0">
  <testcase name="Get_WindowHandles" time="18.750" classname="selenium.Child_Browser_Popup"/>
  <system-out/>
</testsuite> <!-- selenium.Child_Browser_Popup -->
