<?xml version="1.0" encoding="UTF-8"?>
<!-- Generated by org.testng.reporters.JUnitReportReporter -->
<testsuite skipped="0" hostname="LAPTOP-C5CTO61G" name="selenium.Action_Class" tests="1" failures="0" timestamp="2023-02-02T23:53:36 IST" time="52.099" errors="0">
  <testcase name="Google_ShortCuts" time="52.099" classname="selenium.Action_Class"/>
  <system-out/>
</testsuite> <!-- selenium.Action_Class -->
