<?xml version="1.0" encoding="UTF-8"?>
<!-- Generated by org.testng.reporters.JUnitReportReporter -->
<testsuite skipped="0" hostname="LAPTOP-C5CTO61G" name="selenium.Frames" tests="1" failures="0" timestamp="2023-02-02T22:58:59 IST" time="12.130" errors="0">
  <testcase name="Frames_Function" time="12.130" classname="selenium.Frames"/>
  <system-out/>
</testsuite> <!-- selenium.Frames -->
